#
# There is insufficient memory for the Java Runtime Environment to continue.
# Native memory allocation (mmap) failed to map 264241152 bytes for G1 virtual space
# Possible reasons:
#   The system is out of physical RAM or swap space
#   The process is running with CompressedOops enabled, and the Java Heap may be blocking the growth of the native heap
# Possible solutions:
#   Reduce memory load on the system
#   Increase physical memory or swap space
#   Check if swap backing store is full
#   Decrease Java heap size (-Xmx/-Xms)
#   Decrease number of Java threads
#   Decrease Java thread stack sizes (-Xss)
#   Set larger code cache with -XX:ReservedCodeCacheSize=
#   JVM is running with Zero Based Compressed Oops mode in which the Java heap is
#     placed in the first 32GB address space. The Java Heap base address is the
#     maximum limit for the native heap growth. Please use -XX:HeapBaseMinAddress
#     to set the Java Heap base and to place the Java Heap above 32GB virtual address.
# This output file may be truncated or incomplete.
#
#  Out of Memory Error (os_windows.cpp:3548), pid=24076, tid=27524
#
# JRE version:  (17.0.10+11) (build )
# Java VM: Java HotSpot(TM) 64-Bit Server VM (17.0.10+11-LTS-240, mixed mode, sharing, tiered, compressed oops, compressed class ptrs, g1 gc, windows-amd64)
# No core dump will be written. Minidumps are not enabled by default on client versions of Windows
#

---------------  S U M M A R Y ------------

Command Line: -Dfile.encoding=UTF-8 -Dstdout.encoding=UTF-8 -Dstderr.encoding=UTF-8 -XX:+ShowCodeDetailsInExceptionMessages FirstSelenium.TestingW

Host: 12th Gen Intel(R) Core(TM) i5-1235U, 12 cores, 15G,  Windows 11 , 64 bit Build 26100 (10.0.26100.3912)
Time: Fri Jul 18 14:29:59 2025 India Standard Time elapsed time: 1.086223 seconds (0d 0h 0m 1s)

---------------  T H R E A D  ---------------

Current thread (0x000001ffa9067a50):  JavaThread "Unknown thread" [_thread_in_vm, id=27524, stack(0x00000016f0700000,0x00000016f0800000)]

Stack: [0x00000016f0700000,0x00000016f0800000]
Native frames: (J=compiled Java code, j=interpreted, Vv=VM code, C=native code)
V  [jvm.dll+0x677a5a]
V  [jvm.dll+0x7d8b2d]
V  [jvm.dll+0x7da48e]
V  [jvm.dll+0x7daaf3]
V  [jvm.dll+0x2455ff]
V  [jvm.dll+0x6749b9]
V  [jvm.dll+0x669382]
V  [jvm.dll+0x302e96]
V  [jvm.dll+0x30a416]
V  [jvm.dll+0x359cbe]
V  [jvm.dll+0x359eef]
V  [jvm.dll+0x2d9e88]
V  [jvm.dll+0x2dadf4]
V  [jvm.dll+0x7aa551]
V  [jvm.dll+0x367911]
V  [jvm.dll+0x789639]
V  [jvm.dll+0x3eb30f]
V  [jvm.dll+0x3ecd91]
C  [jli.dll+0x5297]
C  [ucrtbase.dll+0x37b0]
C  [KERNEL32.DLL+0x2e8d7]
C  [ntdll.dll+0x9c5dc]


---------------  P R O C E S S  ---------------

Threads class SMR info:
_java_thread_list=0x00007ffb445c6a18, length=0, elements={
}

Java Threads: ( => current thread )

Other Threads:
  0x000001ffa90d5b90 GCTaskThread "GC Thread#0" [stack: 0x00000016f0800000,0x00000016f0900000] [id=39840]
  0x000001ffa90e82d0 ConcurrentGCThread "G1 Main Marker" [stack: 0x00000016f0900000,0x00000016f0a00000] [id=25412]
  0x000001ffa90ea330 ConcurrentGCThread "G1 Conc#0" [stack: 0x00000016f0a00000,0x00000016f0b00000] [id=30888]

[error occurred during error reporting (printing all threads), id 0xc0000005, EXCEPTION_ACCESS_VIOLATION (0xc0000005) at pc=0x00007ffb43dfaae7]

VM state: not at safepoint (not fully initialized)

VM Mutex/Monitor currently owned by a thread:  ([mutex/lock_event])
[0x000001ffa9066c50] Heap_lock - owner thread: 0x000001ffa9067a50

Heap address: 0x0000000704e00000, size: 4018 MB, Compressed Oops mode: Zero based, Oop shift amount: 3

CDS archive(s) mapped at: [0x0000000000000000-0x0000000000000000-0x0000000000000000), size 0, SharedBaseAddress: 0x0000000800000000, ArchiveRelocationMode: 1.
Narrow klass base: 0x0000000000000000, Narrow klass shift: 0, Narrow klass range: 0x0

GC Precious Log:
<Empty>

Heap:
 garbage-first heap   total 0K, used 0K [0x0000000704e00000, 0x0000000800000000)
  region size 2048K, 0 young (0K), 0 survivors (0K)

[error occurred during error reporting (printing heap information), id 0xc0000005, EXCEPTION_ACCESS_VIOLATION (0xc0000005) at pc=0x00007ffb441e1249]

GC Heap History (0 events):
No events

Deoptimization events (0 events):
No events

Classes unloaded (0 events):
No events

Classes redefined (0 events):
No events

Internal exceptions (0 events):
No events

VM Operations (0 events):
No events

Events (1 events):
Event: 0.041 Loaded shared library C:\Program Files\Java\jdk-17\bin\java.dll


Dynamic libraries:
0x00007ff7b63c0000 - 0x00007ff7b63d0000 	C:\Program Files\Java\jdk-17\bin\javaw.exe
0x00007ffb77c20000 - 0x00007ffb77e86000 	C:\WINDOWS\SYSTEM32\ntdll.dll
0x00007ffb77010000 - 0x00007ffb770d9000 	C:\WINDOWS\System32\KERNEL32.DLL
0x00007ffb75280000 - 0x00007ffb7564c000 	C:\WINDOWS\System32\KERNELBASE.dll
0x00007ffb75650000 - 0x00007ffb7579b000 	C:\WINDOWS\System32\ucrtbase.dll
0x00007ffb44aa0000 - 0x00007ffb44ab9000 	C:\Program Files\Java\jdk-17\bin\jli.dll
0x00007ffb44a80000 - 0x00007ffb44a9b000 	C:\Program Files\Java\jdk-17\bin\VCRUNTIME140.dll
0x00007ffb75f80000 - 0x00007ffb76032000 	C:\WINDOWS\System32\ADVAPI32.dll
0x00007ffb76550000 - 0x00007ffb765f9000 	C:\WINDOWS\System32\msvcrt.dll
0x00007ffb77460000 - 0x00007ffb77506000 	C:\WINDOWS\System32\sechost.dll
0x00007ffb75e60000 - 0x00007ffb75f76000 	C:\WINDOWS\System32\RPCRT4.dll
0x00007ffb775c0000 - 0x00007ffb7778a000 	C:\WINDOWS\System32\USER32.dll
0x00007ffb751b0000 - 0x00007ffb751d7000 	C:\WINDOWS\System32\win32u.dll
0x00007ffb76ef0000 - 0x00007ffb76f1b000 	C:\WINDOWS\System32\GDI32.dll
0x00007ffb61ec0000 - 0x00007ffb6215a000 	C:\WINDOWS\WinSxS\amd64_microsoft.windows.common-controls_6595b64144ccf1df_6.0.26100.3912_none_3e07963ce335137e\COMCTL32.dll
0x00007ffb75070000 - 0x00007ffb751a2000 	C:\WINDOWS\System32\gdi32full.dll
0x00007ffb74db0000 - 0x00007ffb74e53000 	C:\WINDOWS\System32\msvcp_win.dll
0x00007ffb580f0000 - 0x00007ffb580fb000 	C:\WINDOWS\SYSTEM32\VERSION.dll
0x00007ffb76eb0000 - 0x00007ffb76ee0000 	C:\WINDOWS\System32\IMM32.DLL
0x00007ffb447f0000 - 0x00007ffb447fc000 	C:\Program Files\Java\jdk-17\bin\vcruntime140_1.dll
0x00007ffb44760000 - 0x00007ffb447ee000 	C:\Program Files\Java\jdk-17\bin\msvcp140.dll
0x00007ffb43b10000 - 0x00007ffb446ef000 	C:\Program Files\Java\jdk-17\bin\server\jvm.dll
0x00007ffb77450000 - 0x00007ffb77458000 	C:\WINDOWS\System32\PSAPI.DLL
0x00007ffb6c9e0000 - 0x00007ffb6ca16000 	C:\WINDOWS\SYSTEM32\WINMM.dll
0x00007ffb43a50000 - 0x00007ffb43a5a000 	C:\WINDOWS\SYSTEM32\WSOCK32.dll
0x00007ffb75ce0000 - 0x00007ffb75d54000 	C:\WINDOWS\System32\WS2_32.dll
0x00007ffb73b70000 - 0x00007ffb73b8a000 	C:\WINDOWS\SYSTEM32\kernel.appcore.dll
0x00007ffb43700000 - 0x00007ffb4370a000 	C:\Program Files\Java\jdk-17\bin\jimage.dll
0x00007ffb72600000 - 0x00007ffb72841000 	C:\WINDOWS\SYSTEM32\DBGHELP.DLL
0x00007ffb77790000 - 0x00007ffb77b14000 	C:\WINDOWS\System32\combase.dll
0x00007ffb76f20000 - 0x00007ffb77000000 	C:\WINDOWS\System32\OLEAUT32.dll
0x00007ffb69480000 - 0x00007ffb694b9000 	C:\WINDOWS\SYSTEM32\dbgcore.DLL
0x00007ffb751e0000 - 0x00007ffb75279000 	C:\WINDOWS\System32\bcryptPrimitives.dll
0x00007ffb433b0000 - 0x00007ffb433d5000 	C:\Program Files\Java\jdk-17\bin\java.dll

dbghelp: loaded successfully - version: 4.0.5 - missing functions: none
symbol engine: initialized successfully - sym options: 0x614 - pdb path: .;C:\Program Files\Java\jdk-17\bin;C:\WINDOWS\SYSTEM32;C:\WINDOWS\WinSxS\amd64_microsoft.windows.common-controls_6595b64144ccf1df_6.0.26100.3912_none_3e07963ce335137e;C:\Program Files\Java\jdk-17\bin\server

VM Arguments:
jvm_args: -Dfile.encoding=UTF-8 -Dstdout.encoding=UTF-8 -Dstderr.encoding=UTF-8 -XX:+ShowCodeDetailsInExceptionMessages 
java_command: FirstSelenium.TestingW
java_class_path (initial): C:\Users\DINESH KUMAR\eclipse-workspace\SeleniumPractice\bin;C:\Users\DINESH KUMAR\eclipse-workspace\SeleniumPractice\lib\auto-service-annotations-1.1.1.jar;C:\Users\DINESH KUMAR\eclipse-workspace\SeleniumPractice\lib\byte-buddy-1.14.12.jar;C:\Users\DINESH KUMAR\eclipse-workspace\SeleniumPractice\lib\checker-qual-3.41.0.jar;C:\Users\DINESH KUMAR\eclipse-workspace\SeleniumPractice\lib\commons-exec-1.3.jar;C:\Users\DINESH KUMAR\eclipse-workspace\SeleniumPractice\lib\error_prone_annotations-2.23.0.jar;C:\Users\DINESH KUMAR\eclipse-workspace\SeleniumPractice\lib\failsafe-3.3.2.jar;C:\Users\DINESH KUMAR\eclipse-workspace\SeleniumPractice\lib\failureaccess-1.0.2.jar;C:\Users\DINESH KUMAR\eclipse-workspace\SeleniumPractice\lib\guava-33.0.0-jre.jar;C:\Users\DINESH KUMAR\eclipse-workspace\SeleniumPractice\lib\j2objc-annotations-2.8.jar;C:\Users\DINESH KUMAR\eclipse-workspace\SeleniumPractice\lib\jsr305-3.0.2.jar;C:\Users\DINESH KUMAR\eclipse-workspace\SeleniumPractice\lib\listenablefuture-9999.0-empty-to-avoid-conflict-with-guava.jar;C:\Users\DINESH KUMAR\eclipse-workspace\SeleniumPractice\lib\opentelemetry-api-1.35.0.jar;C:\Users\DINESH KUMAR\eclipse-workspace\SeleniumPractice\lib\opentelemetry-api-events-1.35.0-alpha.jar;C:\Users\DINESH KUMAR\eclipse-workspace\SeleniumPractice\lib\opentelemetry-context-1.35.0.jar;C:\Users\DINESH KUMAR\eclipse-workspace\SeleniumPractice\lib\opentelemetry-exporter-logging-1.35.0.jar;C:\Users\DINESH KUMAR\eclipse-workspace\SeleniumPractice\lib\opentelemetry-extension-incubator-1.35.0-alpha.jar;C:\Users\DINESH KUMAR\eclipse-workspace\SeleniumPractice\lib\opentelemetry-sdk-1.35.0.jar;C:\Users\DINESH KUMAR\eclipse-workspace\SeleniumPractice\lib\opentelemetry-sdk-common-1.35.0.jar;C:\Users\DINESH KUMAR\eclipse-workspace\SeleniumPractice\lib\opentelemetry-sdk-extension-autoconfigure-1.35.0.jar;C:\Users\DINESH KUMAR\eclipse-workspace\SeleniumPractice\lib\opentelemetry-sdk-extension-autoconfigure-spi-1.35.0.jar;C:\Users\
Launcher Type: SUN_STANDARD

[Global flags]
     intx CICompilerCount                          = 4                                         {product} {ergonomic}
     uint ConcGCThreads                            = 3                                         {product} {ergonomic}
     uint G1ConcRefinementThreads                  = 10                                        {product} {ergonomic}
   size_t G1HeapRegionSize                         = 2097152                                   {product} {ergonomic}
    uintx GCDrainStackTargetSize                   = 64                                        {product} {ergonomic}
   size_t InitialHeapSize                          = 264241152                                 {product} {ergonomic}
   size_t MarkStackSize                            = 4194304                                   {product} {ergonomic}
   size_t MaxHeapSize                              = 4213178368                                {product} {ergonomic}
   size_t MinHeapDeltaBytes                        = 2097152                                   {product} {ergonomic}
   size_t MinHeapSize                              = 8388608                                   {product} {ergonomic}
    uintx NonNMethodCodeHeapSize                   = 5839372                                {pd product} {ergonomic}
    uintx NonProfiledCodeHeapSize                  = 122909434                              {pd product} {ergonomic}
    uintx ProfiledCodeHeapSize                     = 122909434                              {pd product} {ergonomic}
    uintx ReservedCodeCacheSize                    = 251658240                              {pd product} {ergonomic}
     bool SegmentedCodeCache                       = true                                      {product} {ergonomic}
     bool ShowCodeDetailsInExceptionMessages       = true                                   {manageable} {command line}
   size_t SoftMaxHeapSize                          = 4213178368                             {manageable} {ergonomic}
     bool UseCompressedClassPointers               = true                           {product lp64_product} {ergonomic}
     bool UseCompressedOops                        = true                           {product lp64_product} {ergonomic}
     bool UseG1GC                                  = true                                      {product} {ergonomic}
     bool UseLargePagesIndividualAllocation        = false                                  {pd product} {ergonomic}

Logging:
Log output configuration:
 #0: stdout all=warning uptime,level,tags
 #1: stderr all=off uptime,level,tags

Environment Variables:
PATH=C:\Program Files\Common Files\Oracle\Java\javapath;C:\Program Files (x86)\Common Files\Oracle\Java\javapath;C:\WINDOWS\system32;C:\WINDOWS;C:\WINDOWS\System32\Wbem;C:\WINDOWS\System32\WindowsPowerShell\v1.0\;C:\WINDOWS\System32\OpenSSH\;C:\Program Files\dotnet\;C:\Program Files\Java\jdk-17\bin;C:\Program Files\nodejs\;C:\Users\DINESH KUMAR\OneDrive\Desktop\Software\apache-maven-3.9.6\bin;C:\Users\DINESH KUMAR\OneDrive\Desktop\Software\apache-maven-3.9.9\bin;C:\Users\DINESH KUMAR\AppData\Local\Microsoft\WindowsApps;C:\Users\DINESH KUMAR\AppData\Local\JetBrains\Toolbox\scripts;C:\Users\DINESH KUMAR\AppData\Roaming\npm;C:\Users\DINESH KUMAR\AppData\Local\GitHubDesktop\bin;C:\Users\DINESH KUMAR\OneDrive\Desktop\Software\apache-maven-3.9.6\bin;C:\Users\DINESH KUMAR\AppData\Local\Programs\Windsurf\bin;C:\Users\DINESH KUMAR\AppData\Local\Programs\Microsoft VS Code\bin;C:\Users\DINESH KUMAR\AppData\Local\Programs\Microsoft VS Code Insiders\bin;C:\Users\DINESH KUMAR\AppData\Local\Microsoft\WindowsApps;
USERNAME=DINESH KUMAR
OS=Windows_NT
PROCESSOR_IDENTIFIER=Intel64 Family 6 Model 154 Stepping 4, GenuineIntel



---------------  S Y S T E M  ---------------

OS:
 Windows 11 , 64 bit Build 26100 (10.0.26100.3912)
OS uptime: 23 days 16:48 hours
Hyper-V role detected

CPU: total 12 (initial active 12) (6 cores per cpu, 2 threads per core) family 6 model 154 stepping 4 microcode 0x435, cx8, cmov, fxsr, ht, mmx, 3dnowpref, sse, sse2, sse3, ssse3, sse4.1, sse4.2, popcnt, lzcnt, tsc, tscinvbit, avx, avx2, aes, erms, clmul, bmi1, bmi2, adx, sha, fma, vzeroupper, clflush, clflushopt, clwb, hv

Memory: 4k page, system-wide physical 16068M (962M free)
TotalPageFile size 48448M (AvailPageFile size 183M)
current process WorkingSet (physical memory assigned to process): 12M, peak: 12M
current process commit charge ("private bytes"): 64M, peak: 316M

vm_info: Java HotSpot(TM) 64-Bit Server VM (17.0.10+11-LTS-240) for windows-amd64 JRE (17.0.10+11-LTS-240), built on Dec 19 2023 21:47:25 by "mach5one" with MS VC++ 17.1 (VS2022)

END.
